{"/Users/shravankumar/Projects/job_tracker/src/oauth.js": {"path":"/Users/shravankumar/Projects/job_tracker/src/oauth.js","statementMap":{"0":{"start":{"line":1,"column":17},"end":{"line":1,"column":38}},"1":{"start":{"line":2,"column":20},"end":{"line":2,"column":67}},"2":{"start":{"line":4,"column":17},"end":{"line":4,"column":203}},"3":{"start":{"line":7,"column":2},"end":{"line":26,"column":5}},"4":{"start":{"line":8,"column":4},"end":{"line":25,"column":6}},"5":{"start":{"line":14,"column":8},"end":{"line":18,"column":9}},"6":{"start":{"line":15,"column":10},"end":{"line":15,"column":50}},"7":{"start":{"line":16,"column":10},"end":{"line":16,"column":43}},"8":{"start":{"line":17,"column":10},"end":{"line":17,"column":17}},"9":{"start":{"line":20,"column":28},"end":{"line":22,"column":12}},"10":{"start":{"line":23,"column":8},"end":{"line":23,"column":29}}},"fnMap":{"0":{"name":"setupOAuth","decl":{"start":{"line":6,"column":16},"end":{"line":6,"column":26}},"loc":{"start":{"line":6,"column":29},"end":{"line":27,"column":1}},"line":6},"1":{"name":"(anonymous_1)","decl":{"start":{"line":7,"column":21},"end":{"line":7,"column":22}},"loc":{"start":{"line":7,"column":42},"end":{"line":26,"column":3}},"line":7},"2":{"name":"(anonymous_2)","decl":{"start":{"line":13,"column":6},"end":{"line":13,"column":7}},"loc":{"start":{"line":13,"column":29},"end":{"line":24,"column":7}},"line":13}},"branchMap":{"0":{"loc":{"start":{"line":14,"column":8},"end":{"line":18,"column":9}},"type":"if","locations":[{"start":{"line":14,"column":8},"end":{"line":18,"column":9}},{"start":{},"end":{}}],"line":14},"1":{"loc":{"start":{"line":14,"column":12},"end":{"line":14,"column":52}},"type":"binary-expr","locations":[{"start":{"line":14,"column":12},"end":{"line":14,"column":36}},{"start":{"line":14,"column":40},"end":{"line":14,"column":52}}],"line":14}},"s":{"0":1,"1":1,"2":1,"3":1,"4":1,"5":1,"6":0,"7":0,"8":0,"9":1,"10":1},"f":{"0":1,"1":1,"2":1},"b":{"0":[0,1],"1":[1,1]},"_coverageSchema":"1a1c01bbd47fc00a2c39e90264f33305004495a9","hash":"b6983d8e63689ce850534f266bd74185a7e55034"}
,"/Users/shravankumar/Projects/job_tracker/src/utils.js": {"path":"/Users/shravankumar/Projects/job_tracker/src/utils.js","statementMap":{"0":{"start":{"line":2,"column":20},"end":{"line":2,"column":57}},"1":{"start":{"line":3,"column":2},"end":{"line":3,"column":27}},"2":{"start":{"line":5,"column":2},"end":{"line":5,"column":37}},"3":{"start":{"line":7,"column":24},"end":{"line":36,"column":4}},"4":{"start":{"line":8,"column":4},"end":{"line":35,"column":5}},"5":{"start":{"line":9,"column":6},"end":{"line":31,"column":11}},"6":{"start":{"line":17,"column":28},"end":{"line":17,"column":43}},"7":{"start":{"line":19,"column":10},"end":{"line":19,"column":52}},"8":{"start":{"line":20,"column":32},"end":{"line":22,"column":11}},"9":{"start":{"line":21,"column":24},"end":{"line":21,"column":49}},"10":{"start":{"line":23,"column":10},"end":{"line":27,"column":11}},"11":{"start":{"line":24,"column":23},"end":{"line":24,"column":51}},"12":{"start":{"line":25,"column":12},"end":{"line":25,"column":49}},"13":{"start":{"line":26,"column":12},"end":{"line":26,"column":38}},"14":{"start":{"line":30,"column":10},"end":{"line":30,"column":66}},"15":{"start":{"line":33,"column":6},"end":{"line":33,"column":67}},"16":{"start":{"line":34,"column":6},"end":{"line":34,"column":31}},"17":{"start":{"line":38,"column":2},"end":{"line":40,"column":5}},"18":{"start":{"line":39,"column":4},"end":{"line":39,"column":69}},"19":{"start":{"line":46,"column":2},"end":{"line":64,"column":7}},"20":{"start":{"line":54,"column":22},"end":{"line":54,"column":37}},"21":{"start":{"line":56,"column":6},"end":{"line":60,"column":7}},"22":{"start":{"line":57,"column":8},"end":{"line":57,"column":48}},"23":{"start":{"line":59,"column":8},"end":{"line":59,"column":58}},"24":{"start":{"line":63,"column":6},"end":{"line":63,"column":53}}},"fnMap":{"0":{"name":"parseEmails","decl":{"start":{"line":1,"column":16},"end":{"line":1,"column":27}},"loc":{"start":{"line":1,"column":51},"end":{"line":41,"column":1}},"line":1},"1":{"name":"(anonymous_1)","decl":{"start":{"line":7,"column":37},"end":{"line":7,"column":38}},"loc":{"start":{"line":7,"column":46},"end":{"line":36,"column":3}},"line":7},"2":{"name":"(anonymous_2)","decl":{"start":{"line":17,"column":14},"end":{"line":17,"column":15}},"loc":{"start":{"line":17,"column":28},"end":{"line":17,"column":43}},"line":17},"3":{"name":"(anonymous_3)","decl":{"start":{"line":18,"column":14},"end":{"line":18,"column":15}},"loc":{"start":{"line":18,"column":31},"end":{"line":28,"column":9}},"line":18},"4":{"name":"(anonymous_4)","decl":{"start":{"line":21,"column":12},"end":{"line":21,"column":13}},"loc":{"start":{"line":21,"column":24},"end":{"line":21,"column":49}},"line":21},"5":{"name":"(anonymous_5)","decl":{"start":{"line":29,"column":15},"end":{"line":29,"column":16}},"loc":{"start":{"line":29,"column":26},"end":{"line":31,"column":9}},"line":29},"6":{"name":"(anonymous_6)","decl":{"start":{"line":38,"column":41},"end":{"line":38,"column":42}},"loc":{"start":{"line":38,"column":47},"end":{"line":40,"column":3}},"line":38},"7":{"name":"fetchEmails","decl":{"start":{"line":45,"column":16},"end":{"line":45,"column":27}},"loc":{"start":{"line":45,"column":41},"end":{"line":65,"column":1}},"line":45},"8":{"name":"(anonymous_8)","decl":{"start":{"line":54,"column":10},"end":{"line":54,"column":11}},"loc":{"start":{"line":54,"column":22},"end":{"line":54,"column":37}},"line":54},"9":{"name":"(anonymous_9)","decl":{"start":{"line":55,"column":10},"end":{"line":55,"column":11}},"loc":{"start":{"line":55,"column":18},"end":{"line":61,"column":5}},"line":55},"10":{"name":"(anonymous_10)","decl":{"start":{"line":62,"column":11},"end":{"line":62,"column":12}},"loc":{"start":{"line":62,"column":20},"end":{"line":64,"column":5}},"line":62}},"branchMap":{"0":{"loc":{"start":{"line":8,"column":4},"end":{"line":35,"column":5}},"type":"if","locations":[{"start":{"line":8,"column":4},"end":{"line":35,"column":5}},{"start":{"line":32,"column":11},"end":{"line":35,"column":5}}],"line":8},"1":{"loc":{"start":{"line":23,"column":10},"end":{"line":27,"column":11}},"type":"if","locations":[{"start":{"line":23,"column":10},"end":{"line":27,"column":11}},{"start":{},"end":{}}],"line":23},"2":{"loc":{"start":{"line":56,"column":6},"end":{"line":60,"column":7}},"type":"if","locations":[{"start":{"line":56,"column":6},"end":{"line":60,"column":7}},{"start":{"line":58,"column":13},"end":{"line":60,"column":7}}],"line":56},"3":{"loc":{"start":{"line":56,"column":10},"end":{"line":56,"column":31}},"type":"binary-expr","locations":[{"start":{"line":56,"column":10},"end":{"line":56,"column":14}},{"start":{"line":56,"column":18},"end":{"line":56,"column":31}}],"line":56}},"s":{"0":1,"1":1,"2":1,"3":1,"4":1,"5":1,"6":1,"7":1,"8":1,"9":1,"10":1,"11":1,"12":1,"13":1,"14":0,"15":0,"16":0,"17":1,"18":1,"19":0,"20":0,"21":0,"22":0,"23":0,"24":0},"f":{"0":1,"1":1,"2":1,"3":1,"4":1,"5":0,"6":1,"7":0,"8":0,"9":0,"10":0},"b":{"0":[1,0],"1":[1,0],"2":[0,0],"3":[0,0]},"_coverageSchema":"1a1c01bbd47fc00a2c39e90264f33305004495a9","hash":"be890acf737e8e9757cdba428b432cf549d362bf"}
}
